= Host-specific information ====================================================
$> hostname; uname -msr
e1r7p16.42.fr
Darwin 16.7.0 x86_64
$> date
Wed Apr 11 17:22:56 CEST 2018
$> gcc --version
Configured with: --prefix=/Applications/Xcode.app/Contents/Developer/usr --with-gxx-include-dir=/usr/include/c++/4.2.1
Apple LLVM version 9.0.0 (clang-900.0.39.2)
Target: x86_64-apple-darwin16.7.0
Thread model: posix
InstalledDir: /Applications/Xcode.app/Contents/Developer/Toolchains/XcodeDefault.xctoolchain/usr/bin
$> clang --version
Apple LLVM version 9.0.0 (clang-900.0.39.2)
Target: x86_64-apple-darwin16.7.0
Thread model: posix
InstalledDir: /Applications/Xcode.app/Contents/Developer/Toolchains/XcodeDefault.xctoolchain/usr/bin

= User files collection ========================================================
Collecting user files from Vogsphere
Repository URL: auto-exam/2018/c-exam-alone-in-the-dark-beginner/practice-exam_20180411/sgarcia5

= Git history ==================================================================
$> git -C /var/folders/4m/xcfp6p4s4cj_rl_rmf4yflkh0000gq/T/tmpco8zmI/user log --pretty='%H - %an, %ad : %s'
f7dea4c5136ef26cd1b78117017af8e77b26d0ef - Sebastien GARCIA, Wed Apr 11 17:22:47 2018 +0200 : commit
 
= Collected files ==========================================
$> ls -lAR /var/folders/4m/xcfp6p4s4cj_rl_rmf4yflkh0000gq/T/tmpco8zmI/user
total 8
-rw-r--r--  1 deepthought  deepthought  236 Apr 11 17:22 __GIT_HISTORY
drwxr-xr-x  3 deepthought  deepthought  102 Apr 11 17:22 ft_itoa

/var/folders/4m/xcfp6p4s4cj_rl_rmf4yflkh0000gq/T/tmpco8zmI/user/ft_itoa:
total 8
-rw-r--r--  1 deepthought  deepthought  376 Apr 11 17:22 ft_itoa.c
 
= ft_itoa ======================================================================
$> clang -Wextra -Wall -Werror main.c ft_itoa.c -o user_exe 

= Test 1 ===================================================
$> ./b957by8s8lamnvdzmt8m9c9x 
$> diff -U 3 user_output_test1 test1.output | cat -e

Diff OK :D
= Test 2 ===================================================
$> ./mwprd4way9wf12pa7mal3qmu "1" "2" "3" "4" "5" "6"
$> diff -U 3 user_output_test2 test2.output | cat -e

Diff OK :D
= Test 3 ===================================================
$> ./43c0864ilhc7wrpalbj1jh02 0
$> diff -U 3 user_output_test3 test3.output | cat -e

Diff OK :D
= Test 4 ===================================================
$> ./bheqj4yau3zk9yjnhs0m6vfn 2147483647
$> diff -U 3 user_output_test4 test4.output | cat -e

Diff OK :D
= Test 5 ===================================================
$> ./mb8hmn0lxtk614y5r31yffvd -2147483648
$> diff -U 3 user_output_test5 test5.output | cat -e

Diff OK :D
= Test 6 ===================================================
$> ./14uedc8halj3ctgwy2riqkg3 130
$> diff -U 3 user_output_test6 test6.output | cat -e

Diff OK :D
= Test 7 ===================================================
$> ./sdf64c03y9ie6ia1skx00b0s 194
$> diff -U 3 user_output_test7 test7.output | cat -e

Diff OK :D
= Test 8 ===================================================
$> ./vkrofo8mc55navb6wy81h9jf 44
$> diff -U 3 user_output_test8 test8.output | cat -e

Diff OK :D
= Test 9 ===================================================
$> ./4p6jua3bee5l68m405er4yry 177
$> diff -U 3 user_output_test9 test9.output | cat -e

Diff OK :D
= Test 10 ==================================================
$> ./u8p3ya6pheqhljyv3vk8c7l9 -12
$> diff -U 3 user_output_test10 test10.output | cat -e

Diff OK :D
= Test 11 ==================================================
$> ./v0curo7ibccmji7v0r8ffag3 813866
$> diff -U 3 user_output_test11 test11.output | cat -e

Diff OK :D
= Test 12 ==================================================
$> ./8xjv3lv5u8j7nyz2zodeeee4 1203953
$> diff -U 3 user_output_test12 test12.output | cat -e

Diff OK :D
= Test 13 ==================================================
$> ./e8mjw02djrblwl7juei5egp3 -1511359
$> diff -U 3 user_output_test13 test13.output | cat -e

Diff OK :D
= Test 14 ==================================================
$> ./2gzpne2zywug7yyx1dh4qymd 1575598
$> diff -U 3 user_output_test14 test14.output | cat -e

Diff OK :D
= Test 15 ==================================================
$> ./0pc6idmwvbtvc5so9fkgalx5 518961
$> diff -U 3 user_output_test15 test15.output | cat -e

Diff OK :D
Grade: 1

= Final grade: 1 ===============================================================
