= Host-specific information ====================================================
$> hostname; uname -msr
e6r1p3.vp.42.fr
Darwin 16.7.0 x86_64
$> date
Thu Apr 12 12:48:10 CEST 2018
$> gcc --version
Configured with: --prefix=/Applications/Xcode-beta.app/Contents/Developer/usr --with-gxx-include-dir=/usr/include/c++/4.2.1
Apple LLVM version 9.0.0 (clang-900.0.39)
Target: x86_64-apple-darwin16.7.0
Thread model: posix
InstalledDir: /Applications/Xcode-beta.app/Contents/Developer/Toolchains/XcodeDefault.xctoolchain/usr/bin
$> clang --version
Apple LLVM version 9.0.0 (clang-900.0.39)
Target: x86_64-apple-darwin16.7.0
Thread model: posix
InstalledDir: /Applications/Xcode-beta.app/Contents/Developer/Toolchains/XcodeDefault.xctoolchain/usr/bin

= User files collection ========================================================
Collecting user files from Vogsphere
Repository URL: auto-exam/2018/c-exam-alone-in-the-dark-beginner/practice-exam_20180412/sgarcia3

= Git history ==================================================================
$> git -C /var/folders/_d/95dm4z8j5pg96y3ysw729hh00000gq/T/tmpMfDM9r/user log --pretty='%H - %an, %ad : %s'
cce30baac691d9f7de802650286691f6b9b5d1ca - Sebastien GARCIA, Thu Apr 12 12:45:08 2018 +0200 : commit
77b832451ff0ece4efbf18619cb9f64be05cf6b0 - Sebastien GARCIA, Thu Apr 12 12:30:34 2018 +0200 : commit
 
= Collected files ==========================================
$> ls -lAR /var/folders/_d/95dm4z8j5pg96y3ysw729hh00000gq/T/tmpMfDM9r/user
total 8
-rw-r--r--  1 deepthought  deepthought  527 Apr 12 12:48 __GIT_HISTORY
drwxr-xr-x  3 deepthought  deepthought  102 Apr 12 12:48 flood_fill
drwxr-xr-x  3 deepthought  deepthought  102 Apr 12 12:48 print_memory

/var/folders/_d/95dm4z8j5pg96y3ysw729hh00000gq/T/tmpMfDM9r/user/flood_fill:
total 8
-rw-r--r--  1 deepthought  deepthought  846 Apr 12 12:48 flood_fill.c

/var/folders/_d/95dm4z8j5pg96y3ysw729hh00000gq/T/tmpMfDM9r/user/print_memory:
total 8
-rw-r--r--  1 deepthought  deepthought  891 Apr 12 12:48 print_memory.c
 
= print_memory =================================================================
$> gcc -Wextra -Wall -Werror print_memory.c main.c -o user_exe 

= Test 1 ===================================================
$> ./2h3x9qz918i3r7z8mqdclfwb
$> diff -U 3 user_output_test1 test1.output | cat -e

Diff OK :D
Grade: 1

= Final grade: 1 ===============================================================
