= Host-specific information ====================================================
$> hostname; uname -msr
e1r4p2.42.fr
Darwin 16.7.0 x86_64
$> date
Wed Apr 11 13:10:37 CEST 2018
$> gcc --version
Configured with: --prefix=/Applications/Xcode.app/Contents/Developer/usr --with-gxx-include-dir=/usr/include/c++/4.2.1
Apple LLVM version 9.0.0 (clang-900.0.39.2)
Target: x86_64-apple-darwin16.7.0
Thread model: posix
InstalledDir: /Applications/Xcode.app/Contents/Developer/Toolchains/XcodeDefault.xctoolchain/usr/bin
$> clang --version
Apple LLVM version 9.0.0 (clang-900.0.39.2)
Target: x86_64-apple-darwin16.7.0
Thread model: posix
InstalledDir: /Applications/Xcode.app/Contents/Developer/Toolchains/XcodeDefault.xctoolchain/usr/bin

= User files collection ========================================================
Collecting user files from Vogsphere
Repository URL: auto-exam/2018/c-exam-alone-in-the-dark-beginner/practice-exam_20180411/sgarcia

= Git history ==================================================================
$> git -C /var/folders/kf/0n5hrpcd7csczvcsbtj95f5c0000gq/T/tmpuoRywE/user log --pretty='%H - %an, %ad : %s'
ba63e13f61fa7c3cfc2f656a18d8617bd73c6e3e - Sebastien GARCIA, Wed Apr 11 13:08:57 2018 +0200 : commit
cf8be057185aaf303b0d0219fe8304283c652638 - Sebastien GARCIA, Wed Apr 11 13:07:15 2018 +0200 : commit
 
= Collected files ==========================================
$> ls -lAR /var/folders/kf/0n5hrpcd7csczvcsbtj95f5c0000gq/T/tmpuoRywE/user
total 8
-rw-r--r--  1 deepthought  deepthought  517 Apr 11 13:10 __GIT_HISTORY
drwxr-xr-x  3 deepthought  deepthought  102 Apr 11 13:10 brackets
drwxr-xr-x  3 deepthought  deepthought  102 Apr 11 13:10 rostring

/var/folders/kf/0n5hrpcd7csczvcsbtj95f5c0000gq/T/tmpuoRywE/user/brackets:
total 8
-rw-r--r--  1 deepthought  deepthought  1475 Apr 11 13:10 brackets.c

/var/folders/kf/0n5hrpcd7csczvcsbtj95f5c0000gq/T/tmpuoRywE/user/rostring:
total 8
-rw-r--r--  1 deepthought  deepthought  664 Apr 11 13:10 rostring.c
 
= brackets =====================================================================
$> clang -Wextra -Wall -Werror brackets.c -o user_exe 

= Test 1 ===================================================
$> ./pseyrabrqxnd294kd6uyhkis '(toto)'
$> diff -U 3 user_output_test1 test1.output | cat -e

Diff OK :D
= Test 2 ===================================================
$> ./87ncce0of20pvm7zszm5da5f '([)]'
$> diff -U 3 user_output_test2 test2.output | cat -e

Diff OK :D
= Test 3 ===================================================
$> ./b7ncznayesricdl11ral73jd '' '{[(0 + 0)(1 + 1)](3*(-1)){()}}'
$> diff -U 3 user_output_test3 test3.output | cat -e

Diff OK :D
= Test 4 ===================================================
$> ./7hiignugxk2k9blb4p7i5r19 
$> diff -U 3 user_output_test4 test4.output | cat -e

Diff OK :D
= Test 5 ===================================================
$> ./s7ftsqev54yy7f1k04raofci '()' '[]' '{}' '' 'toto' '([{}[{(()[])}()]]())(((([])))())'
$> diff -U 3 user_output_test5 test5.output | cat -e

Diff OK :D
= Test 6 ===================================================
$> ./pswibom71yctb898omuypbhz '()[]{}' '([{}])[({})]{([])}'
$> diff -U 3 user_output_test6 test6.output | cat -e

Diff OK :D
= Test 7 ===================================================
$> ./tn588mmdscyx2b4za3cgqe92 '(]' '{)' '[}' ')' '}' ')' '(' '{' '['
$> diff -U 3 user_output_test7 test7.output | cat -e

Diff OK :D
= Test 8 ===================================================
$> ./rpliydlti5vvmgb12vahubxx '({)}' '[()]{}]' '])}' '([{' "(cette (trace n'a pas [de but precis]) {a part embeter (tout le monde)})"
$> diff -U 3 user_output_test8 test8.output | cat -e

Diff OK :D
Grade: 1

= Final grade: 1 ===============================================================
