= Host-specific information ====================================================
$> hostname; uname -msr
e3r10p13.42.fr
Darwin 16.7.0 x86_64
$> date
Wed Apr 11 16:05:13 CEST 2018
$> gcc --version
Configured with: --prefix=/Applications/Xcode.app/Contents/Developer/usr --with-gxx-include-dir=/usr/include/c++/4.2.1
Apple LLVM version 9.0.0 (clang-900.0.39.2)
Target: x86_64-apple-darwin16.7.0
Thread model: posix
InstalledDir: /Applications/Xcode.app/Contents/Developer/Toolchains/XcodeDefault.xctoolchain/usr/bin
$> clang --version
Apple LLVM version 9.0.0 (clang-900.0.39.2)
Target: x86_64-apple-darwin16.7.0
Thread model: posix
InstalledDir: /Applications/Xcode.app/Contents/Developer/Toolchains/XcodeDefault.xctoolchain/usr/bin

= User files collection ========================================================
Collecting user files from Vogsphere
Repository URL: auto-exam/2018/c-exam-alone-in-the-dark-beginner/practice-exam_20180411/sgarcia3

= Git history ==================================================================
$> git -C /var/folders/sg/l4hhtgtn2899kl6zdyyh0c9w0000gq/T/tmpu_im0u/user log --pretty='%H - %an, %ad : %s'
47375dc0bd779cd436ae101d3ab82123d267dc29 - Sebastien GARCIA, Wed Apr 11 16:05:04 2018 +0200 : commit
accd3f58d846cb60c82fdcf184b617ad09d438a6 - Sebastien GARCIA, Wed Apr 11 15:20:00 2018 +0200 : commit
 
= Collected files ==========================================
$> ls -lAR /var/folders/sg/l4hhtgtn2899kl6zdyyh0c9w0000gq/T/tmpu_im0u/user
total 8
-rw-r--r--  1 deepthought  deepthought  505 Apr 11 16:05 __GIT_HISTORY
drwxr-xr-x  3 deepthought  deepthought  102 Apr 11 16:05 check_mate
drwxr-xr-x  3 deepthought  deepthought  102 Apr 11 16:05 ft_split

/var/folders/sg/l4hhtgtn2899kl6zdyyh0c9w0000gq/T/tmpu_im0u/user/check_mate:
total 16
-rw-r--r--  1 deepthought  deepthought  4302 Apr 11 16:05 check_mate.c

/var/folders/sg/l4hhtgtn2899kl6zdyyh0c9w0000gq/T/tmpu_im0u/user/ft_split:
total 8
-rw-r--r--  1 deepthought  deepthought  630 Apr 11 16:05 ft_split.c
 
= check_mate ===================================================================
$> clang -Wextra -Wall -Werror check_mate.c -o user_exe 

= Test 1 ===================================================
$> ./50r1x0uc8rgwnbtc4shyly61 
$> diff -U 3 user_output_test1 test1.output | cat -e

Diff OK :D
= Test 2 ===================================================
$> ./h3t8uhfkpazt9pcnplmz3lsr '...B.' '.B...' '$%^&*' '...K.' '.....'
$> diff -U 3 user_output_test2 test2.output | cat -e

Diff OK :D
= Test 3 ===================================================
$> ./ndmqv5qkepgaj765v9rot0sg  "...B." ".T..." "....." "...K." "....."
$> diff -U 3 user_output_test3 test3.output | cat -e

Diff OK :D
= Test 4 ===================================================
$> ./9bxsn9nq8f7nlfpk4l4z1ewq "K"
$> diff -U 3 user_output_test4 test4.output | cat -e

Diff OK :D
= Test 5 ===================================================
$> ./ttbbq2t3be5fu1wjeb7jq0yg "BPKP" "PRP." ".Q.." "..P."
$> diff -U 3 user_output_test5 test5.output | cat -e

Diff OK :D
= Test 6 ===================================================
$> ./34e15t66xyp7trz5zhfmo46l "B....." "......" "......" "......" "......" ".....K"
$> diff -U 3 user_output_test6 test6.output | cat -e

Diff OK :D
= Test 7 ===================================================
$> ./4umhvoc6yb7o7rr41cic1m60 "K....." "......" "......" "......" "......" ".....B"
$> diff -U 3 user_output_test7 test7.output | cat -e

Diff OK :D
= Test 8 ===================================================
$> ./zxqggvyxs0m9jss5b69a8zze '........' '........' '.P....P.' '...B.B..' '....Q...' '..R..R..' '......K.' '...R....'
$> diff -U 3 user_output_test8 test8.output | cat -e
--- user_output_test8	2018-04-11 16:05:20.000000000 +0200$
+++ test8.output	2018-04-11 16:05:20.000000000 +0200$
@@ -1 +1 @@$
-Success$
+Fail$

Diff KO :(
Grade: 0

= Final grade: 0 ===============================================================
