= Host-specific information ====================================================
$> hostname; uname -msr
e1r9p13.42.fr
Darwin 16.7.0 x86_64
$> date
Mon Apr  9 14:17:39 CEST 2018
$> gcc --version
Configured with: --prefix=/Applications/Xcode.app/Contents/Developer/usr --with-gxx-include-dir=/usr/include/c++/4.2.1
Apple LLVM version 9.0.0 (clang-900.0.39.2)
Target: x86_64-apple-darwin16.7.0
Thread model: posix
InstalledDir: /Applications/Xcode.app/Contents/Developer/Toolchains/XcodeDefault.xctoolchain/usr/bin
$> clang --version
Apple LLVM version 9.0.0 (clang-900.0.39.2)
Target: x86_64-apple-darwin16.7.0
Thread model: posix
InstalledDir: /Applications/Xcode.app/Contents/Developer/Toolchains/XcodeDefault.xctoolchain/usr/bin

= User files collection ========================================================
Collecting user files from Vogsphere
Repository URL: auto-exam/2018/c-exam-alone-in-the-dark-beginner/practice-exam_20180409/sgarcia

= Git history ==================================================================
$> git -C /var/folders/13/xfpfg9md36gdqk3w8vsdpth40000gq/T/tmpbU85wP/user log --pretty='%H - %an, %ad : %s'
1413ef30e39d1382566f462c06c71244c47e6b97 - Sebastien GARCIA, Mon Apr 9 14:17:05 2018 +0200 : commit
 
= Collected files ==========================================
$> ls -lAR /var/folders/13/xfpfg9md36gdqk3w8vsdpth40000gq/T/tmpbU85wP/user
total 8
-rw-r--r--  1 deepthought  deepthought  262 Apr  9 14:17 __GIT_HISTORY
drwxr-xr-x  3 deepthought  deepthought  102 Apr  9 14:17 flood_fill

/var/folders/13/xfpfg9md36gdqk3w8vsdpth40000gq/T/tmpbU85wP/user/flood_fill:
total 8
-rw-r--r--  1 deepthought  deepthought  846 Apr  9 14:17 flood_fill.c
 
= flood_fill ===================================================================
$> clang -Wextra -Wall -Werror flood_fill.c main.c -o user_exe 

= Test 1 ===================================================
$> ./0dwbera28wh3qfyr91euitku test1
$> diff -U 3 user_output_test1 test1.output | cat -e

Diff OK :D
= Test 2 ===================================================
$> ./vvbnzb0qv74y5jaq7223z3ix test2
$> diff -U 3 user_output_test2 test2.output | cat -e

Diff OK :D
= Test 3 ===================================================
$> ./l4wvi20e4bpcvoojl1g3uo3e test3
$> diff -U 3 user_output_test3 test3.output | cat -e

Diff OK :D
= Test 4 ===================================================
$> ./ggxzyr69xlo9xwv4hqaz2u00 test4
$> diff -U 3 user_output_test4 test4.output | cat -e

Diff OK :D
= Test 5 ===================================================
$> ./sv8x852tizwlvfh1w8xvu9lo test5
$> diff -U 3 user_output_test5 test5.output | cat -e

Diff OK :D
= Test 6 ===================================================
$> ./sn9gw6utl5o1jb421e55on79 test6
$> diff -U 3 user_output_test6 test6.output | cat -e

Diff OK :D
= Test 7 ===================================================
$> ./eknydeyc8wif1931i1yxu0qb test7
$> diff -U 3 user_output_test7 test7.output | cat -e

Diff OK :D
= Test 8 ===================================================
$> ./5liind830ld7ly8qcolxjwft test8
$> diff -U 3 user_output_test8 test8.output | cat -e

Diff OK :D
= Test 9 ===================================================
$> ./dep7m2hgwc5fmy4m750edg4s test9
$> diff -U 3 user_output_test9 test9.output | cat -e

Diff OK :D
= Test 10 ==================================================
$> ./yule8u8vetfldhgewz6z2vv1 test10
$> diff -U 3 user_output_test10 test10.output | cat -e

Diff OK :D
= Test 11 ==================================================
$> ./szz446rscbb58en9o1zpq4gi test11
$> diff -U 3 user_output_test11 test11.output | cat -e

Diff OK :D
= Test 12 ==================================================
$> ./3l2cwm3arkwuulo48eflm6b9 test12
$> diff -U 3 user_output_test12 test12.output | cat -e

Diff OK :D
Grade: 1

= Final grade: 1 ===============================================================
